[debug] [2024-09-29T16:57:09.854Z] ----------------------------------------------------------------------
[debug] [2024-09-29T16:57:09.864Z] Command:       C:\Program Files\nodejs\node.exe C:\Users\gkv00\AppData\Roaming\npm\node_modules\firebase-tools\lib\bin\firebase.js deploy
[debug] [2024-09-29T16:57:09.866Z] CLI Version:   13.14.2
[debug] [2024-09-29T16:57:09.866Z] Platform:      win32
[debug] [2024-09-29T16:57:09.867Z] Node Version:  v20.14.0
[debug] [2024-09-29T16:57:09.867Z] Time:          Sun Sep 29 2024 22:27:09 GMT+0530 (India Standard Time)
[debug] [2024-09-29T16:57:09.868Z] ----------------------------------------------------------------------
[debug] 
[debug] [2024-09-29T16:57:09.878Z] >>> [apiv2][query] GET https://firebase-public.firebaseio.com/cli.json [none]
[debug] [2024-09-29T16:57:10.458Z] > command requires scopes: ["email","openid","https://www.googleapis.com/auth/cloudplatformprojects.readonly","https://www.googleapis.com/auth/firebase","https://www.googleapis.com/auth/cloud-platform"]
[debug] [2024-09-29T16:57:10.461Z] > authorizing via signed-in user (recogesture@gmail.com)
[debug] [2024-09-29T16:57:10.481Z] [iam] checking project coin-99c1e for permissions ["firebase.projects.get","firebasehosting.sites.update"]
[debug] [2024-09-29T16:57:10.487Z] > refreshing access token with scopes: []
[debug] [2024-09-29T16:57:10.492Z] >>> [apiv2][query] POST https://www.googleapis.com/oauth2/v3/token [none]
[debug] [2024-09-29T16:57:10.499Z] >>> [apiv2][body] POST https://www.googleapis.com/oauth2/v3/token [omitted]
[debug] [2024-09-29T16:57:10.807Z] <<< [apiv2][status] POST https://www.googleapis.com/oauth2/v3/token 200
[debug] [2024-09-29T16:57:10.808Z] <<< [apiv2][body] POST https://www.googleapis.com/oauth2/v3/token [omitted]
[debug] [2024-09-29T16:57:10.830Z] >>> [apiv2][query] POST https://cloudresourcemanager.googleapis.com/v1/projects/coin-99c1e:testIamPermissions [none]
[debug] [2024-09-29T16:57:10.831Z] >>> [apiv2][(partial)header] POST https://cloudresourcemanager.googleapis.com/v1/projects/coin-99c1e:testIamPermissions x-goog-quota-user=projects/coin-99c1e
[debug] [2024-09-29T16:57:10.832Z] >>> [apiv2][body] POST https://cloudresourcemanager.googleapis.com/v1/projects/coin-99c1e:testIamPermissions {"permissions":["firebase.projects.get","firebasehosting.sites.update"]}
[debug] [2024-09-29T16:57:11.142Z] <<< [apiv2][status] GET https://firebase-public.firebaseio.com/cli.json 200
[debug] [2024-09-29T16:57:11.143Z] <<< [apiv2][body] GET https://firebase-public.firebaseio.com/cli.json {"cloudBuildErrorAfter":1594252800000,"cloudBuildWarnAfter":1590019200000,"defaultNode10After":1594252800000,"minVersion":"3.0.5","node8DeploysDisabledAfter":1613390400000,"node8RuntimeDisabledAfter":1615809600000,"node8WarnAfter":1600128000000}
[debug] [2024-09-29T16:57:12.159Z] <<< [apiv2][status] POST https://cloudresourcemanager.googleapis.com/v1/projects/coin-99c1e:testIamPermissions 200
[debug] [2024-09-29T16:57:12.159Z] <<< [apiv2][body] POST https://cloudresourcemanager.googleapis.com/v1/projects/coin-99c1e:testIamPermissions {"permissions":["firebase.projects.get","firebasehosting.sites.update"]}
[debug] [2024-09-29T16:57:12.162Z] >>> [apiv2][query] GET https://firebase.googleapis.com/v1beta1/projects/coin-99c1e [none]
[debug] [2024-09-29T16:57:12.580Z] <<< [apiv2][status] GET https://firebase.googleapis.com/v1beta1/projects/coin-99c1e 200
[debug] [2024-09-29T16:57:12.580Z] <<< [apiv2][body] GET https://firebase.googleapis.com/v1beta1/projects/coin-99c1e {"projectId":"coin-99c1e","projectNumber":"828306139060","displayName":"Nila","name":"projects/coin-99c1e","resources":{"hostingSite":"coin-99c1e"},"state":"ACTIVE","etag":"1_cbc2a064-6a9e-492e-addb-0f3607fb450b"}
[info] 
[info] === Deploying to 'coin-99c1e'...
[info] 
[info] i  deploying hosting 
[debug] [2024-09-29T16:57:12.599Z] >>> [apiv2][query] POST https://firebasehosting.googleapis.com/v1beta1/projects/-/sites/coin-99c1e/versions [none]
[debug] [2024-09-29T16:57:12.600Z] >>> [apiv2][body] POST https://firebasehosting.googleapis.com/v1beta1/projects/-/sites/coin-99c1e/versions {"status":"CREATED","labels":{"deployment-tool":"cli-firebase"}}
